<?xml version="1.0" encoding="UTF-8"?>
<testng-results ignored="0" total="4" passed="3" failed="1" skipped="0">
  <reporter-output>
  </reporter-output>
  <suite started-at="2020-05-21T16:09:04 IST" name="Suite" finished-at="2020-05-21T16:11:53 IST" duration-ms="168488">
    <groups>
    </groups>
    <test started-at="2020-05-21T16:09:04 IST" name="Title validation" finished-at="2020-05-21T16:09:33 IST" duration-ms="28589">
      <class name="QAClick.ValidateTitle">
        <test-method signature="TittleCheck()[pri:0, instance:QAClick.ValidateTitle@66746f57]" started-at="2020-05-21T16:09:04 IST" name="TittleCheck" finished-at="2020-05-21T16:09:33 IST" duration-ms="28513" status="FAIL">
          <exception class="java.lang.AssertionError">
            <message>
              <![CDATA[expected [FEATURED COURSES12] but found [FEATURED COURSES]]]>
            </message>
            <full-stacktrace>
              <![CDATA[java.lang.AssertionError: expected [FEATURED COURSES12] but found [FEATURED COURSES]
at org.testng.Assert.fail(Assert.java:97)
at org.testng.Assert.assertEqualsImpl(Assert.java:136)
at org.testng.Assert.assertEquals(Assert.java:118)
at org.testng.Assert.assertEquals(Assert.java:575)
at org.testng.Assert.assertEquals(Assert.java:585)
at QAClick.ValidateTitle.TittleCheck(ValidateTitle.java:26)
at java.base/jdk.internal.reflect.NativeMethodAccessorImpl.invoke0(Native Method)
at java.base/jdk.internal.reflect.NativeMethodAccessorImpl.invoke(NativeMethodAccessorImpl.java:62)
at java.base/jdk.internal.reflect.DelegatingMethodAccessorImpl.invoke(DelegatingMethodAccessorImpl.java:43)
at java.base/java.lang.reflect.Method.invoke(Method.java:564)
at org.testng.internal.MethodInvocationHelper.invokeMethod(MethodInvocationHelper.java:134)
at org.testng.internal.TestInvoker.invokeMethod(TestInvoker.java:597)
at org.testng.internal.TestInvoker.invokeTestMethod(TestInvoker.java:173)
at org.testng.internal.MethodRunner.runInSequence(MethodRunner.java:46)
at org.testng.internal.TestInvoker$MethodInvocationAgent.invoke(TestInvoker.java:816)
at org.testng.internal.TestInvoker.invokeTestMethods(TestInvoker.java:146)
at org.testng.internal.TestMethodWorker.invokeTestMethods(TestMethodWorker.java:146)
at org.testng.internal.TestMethodWorker.run(TestMethodWorker.java:128)
at java.base/java.util.ArrayList.forEach(ArrayList.java:1510)
at org.testng.TestRunner.privateRun(TestRunner.java:766)
at org.testng.TestRunner.run(TestRunner.java:587)
at org.testng.SuiteRunner.runTest(SuiteRunner.java:384)
at org.testng.SuiteRunner.runSequentially(SuiteRunner.java:378)
at org.testng.SuiteRunner.privateRun(SuiteRunner.java:337)
at org.testng.SuiteRunner.run(SuiteRunner.java:286)
at org.testng.SuiteRunnerWorker.runSuite(SuiteRunnerWorker.java:53)
at org.testng.SuiteRunnerWorker.run(SuiteRunnerWorker.java:96)
at org.testng.TestNG.runSuitesSequentially(TestNG.java:1187)
at org.testng.TestNG.runSuitesLocally(TestNG.java:1109)
at org.testng.TestNG.runSuites(TestNG.java:1039)
at org.testng.TestNG.run(TestNG.java:1007)
at org.apache.maven.surefire.testng.TestNGExecutor.run(TestNGExecutor.java:283)
at org.apache.maven.surefire.testng.TestNGXmlTestSuite.execute(TestNGXmlTestSuite.java:75)
at org.apache.maven.surefire.testng.TestNGProvider.invoke(TestNGProvider.java:120)
at org.apache.maven.surefire.booter.ForkedBooter.runSuitesInProcess(ForkedBooter.java:377)
at org.apache.maven.surefire.booter.ForkedBooter.execute(ForkedBooter.java:138)
at org.apache.maven.surefire.booter.ForkedBooter.run(ForkedBooter.java:465)
at org.apache.maven.surefire.booter.ForkedBooter.main(ForkedBooter.java:451)
]]>
            </full-stacktrace>
          </exception> <!-- java.lang.AssertionError -->
          <reporter-output>
          </reporter-output>
        </test-method> <!-- TittleCheck -->
      </class> <!-- QAClick.ValidateTitle -->
    </test> <!-- Title validation -->
    <test started-at="2020-05-21T16:09:34 IST" name="Page Navigation" finished-at="2020-05-21T16:10:10 IST" duration-ms="35892">
      <class name="QAClick.ValidateNavigationBar">
        <test-method signature="NavigationToContact()[pri:0, instance:QAClick.ValidateNavigationBar@1338fb5]" started-at="2020-05-21T16:09:34 IST" name="NavigationToContact" finished-at="2020-05-21T16:10:10 IST" duration-ms="35891" status="PASS">
          <reporter-output>
          </reporter-output>
        </test-method> <!-- NavigationToContact -->
      </class> <!-- QAClick.ValidateNavigationBar -->
    </test> <!-- Page Navigation -->
    <test started-at="2020-05-21T16:10:11 IST" name="two login checks" finished-at="2020-05-21T16:11:53 IST" duration-ms="102058">
      <class name="QAClick.LoginFunctionality">
        <test-method signature="LoginToPage(java.lang.String, java.lang.String, java.lang.String)[pri:0, instance:QAClick.LoginFunctionality@51972dc7]" started-at="2020-05-21T16:10:11 IST" name="LoginToPage" data-provider="getdata" finished-at="2020-05-21T16:10:55 IST" duration-ms="44704" status="PASS">
          <params>
            <param index="0">
              <value>
                <![CDATA[user1@test.com]]>
              </value>
            </param>
            <param index="1">
              <value>
                <![CDATA[12345]]>
              </value>
            </param>
            <param index="2">
              <value>
                <![CDATA[valid user]]>
              </value>
            </param>
          </params>
          <reporter-output>
          </reporter-output>
        </test-method> <!-- LoginToPage -->
        <test-method signature="LoginToPage(java.lang.String, java.lang.String, java.lang.String)[pri:0, instance:QAClick.LoginFunctionality@51972dc7]" started-at="2020-05-21T16:10:55 IST" name="LoginToPage" data-provider="getdata" finished-at="2020-05-21T16:11:53 IST" duration-ms="57334" status="PASS">
          <params>
            <param index="0">
              <value>
                <![CDATA[user2@test.com]]>
              </value>
            </param>
            <param index="1">
              <value>
                <![CDATA[6789]]>
              </value>
            </param>
            <param index="2">
              <value>
                <![CDATA[Invalid user]]>
              </value>
            </param>
          </params>
          <reporter-output>
          </reporter-output>
        </test-method> <!-- LoginToPage -->
      </class> <!-- QAClick.LoginFunctionality -->
    </test> <!-- two login checks -->
  </suite> <!-- Suite -->
</testng-results>
